{
  "RSpec": {
    "coverage": {
      "/Users/zoomcar234/blog/app/models/user.rb": [
        1,
        null,
        null,
        null,
        1,
        null,
        null,
        1,
        1,
        1,
        null
      ],
      "/Users/zoomcar234/blog/app/helpers/application_helper.rb": [
        1,
        null
      ],
      "/Users/zoomcar234/blog/app/helpers/articles_helper.rb": [
        1,
        null
      ],
      "/Users/zoomcar234/blog/app/helpers/comments_helper.rb": [
        1,
        null
      ],
      "/Users/zoomcar234/blog/app/helpers/posts_helper.rb": [
        1,
        null,
        null,
        null,
        null,
        null
      ],
      "/Users/zoomcar234/blog/app/controllers/articles_controller.rb": [
        1,
        1,
        null,
        null,
        null,
        1,
        2,
        null,
        null,
        null,
        null,
        1,
        null,
        null,
        null,
        1,
        1,
        null,
        null,
        null,
        1,
        null,
        null,
        null,
        null,
        1,
        1,
        null,
        1,
        1,
        2,
        1,
        null,
        0,
        0,
        null,
        null,
        null,
        null,
        null,
        null,
        1,
        4,
        4,
        8,
        4,
        null,
        0,
        0,
        null,
        null,
        null,
        null,
        null,
        null,
        1,
        2,
        2,
        4,
        2,
        null,
        null,
        null,
        1,
        null,
        1,
        8,
        null,
        null,
        null,
        1,
        5,
        null,
        null
      ],
      "/Users/zoomcar234/blog/app/controllers/application_controller.rb": [
        1,
        null,
        null,
        1,
        1,
        null,
        null,
        null
      ],
      "/Users/zoomcar234/blog/app/controllers/comments_controller.rb": [
        1,
        1,
        1,
        1,
        null,
        1,
        null,
        1,
        1,
        null,
        null
      ],
      "/Users/zoomcar234/blog/app/controllers/posts_controller.rb": [
        1,
        1,
        1,
        null,
        null,
        null,
        1,
        2,
        null,
        null,
        null,
        null,
        1,
        4,
        4,
        4,
        null,
        null,
        null,
        1,
        3,
        null,
        null,
        null,
        1,
        null,
        null,
        null,
        null,
        1,
        4,
        4,
        null,
        4,
        4,
        6,
        3,
        null,
        2,
        1,
        null,
        null,
        null,
        null,
        null,
        null,
        1,
        6,
        6,
        10,
        5,
        null,
        2,
        1,
        null,
        null,
        null,
        null,
        null,
        null,
        1,
        1,
        1,
        2,
        1,
        null,
        null,
        null,
        1,
        null,
        1,
        12,
        null,
        null,
        null,
        1,
        10,
        null,
        null,
        null
      ],
      "/Users/zoomcar234/blog/app/models/article.rb": [
        1,
        null,
        null
      ],
      "/Users/zoomcar234/blog/app/models/comment.rb": [
        1,
        1,
        null
      ],
      "/Users/zoomcar234/blog/app/models/post.rb": [
        1,
        null,
        null,
        1,
        1,
        1,
        1,
        null,
        1,
        1,
        null,
        1,
        null,
        1,
        18,
        null,
        null,
        null
      ]
    },
    "timestamp": 1405679130
  }
}
